<?xml version="1.0" encoding="UTF-8"?>
<!-- Generated by org.testng.reporters.JUnitReportReporter -->
<testsuite hostname="DESKTOP-JBCDF95" failures="0" tests="1" name="Test.SeleniumPractice" time="17.681" errors="0" timestamp="2020-02-03T22:59:16 CET" skipped="0">
  <testcase classname="Test.SeleniumPractice" name="Windows" time="17.681"/>
</testsuite> <!-- Test.SeleniumPractice -->
